Change Component Designator: OldDesignator=C? NewDesignator=C1
Change Component Designator: OldDesignator=C? NewDesignator=C3
Change Component Designator: OldDesignator=C? NewDesignator=C5
Change Component Designator: OldDesignator=C? NewDesignator=C6
Change Component Designator: OldDesignator=C? NewDesignator=C7
Change Component Designator: OldDesignator=C? NewDesignator=C8
Change Component Designator: OldDesignator=C? NewDesignator=C9
Change Component Designator: OldDesignator=C? NewDesignator=C10
Change Component Designator: OldDesignator=C? NewDesignator=C11
Change Component Designator: OldDesignator=C? NewDesignator=C12
Change Component Designator: OldDesignator=C? NewDesignator=C13
Change Component Designator: OldDesignator=C? NewDesignator=C15
Change Component Designator: OldDesignator=D? NewDesignator=D3
Change Net Name : Old Net Name=NetC?_1 New Net Name=NetC6_1
Change Net Name : Old Net Name=NetD?_A New Net Name=NetD3_A
Added Member To Class: ClassName=BoostCon_Control_Board_Sch Member=Component C1 Cap2
Added Member To Class: ClassName=BoostCon_Control_Board_Sch Member=Component C3 Cap2
Added Member To Class: ClassName=BoostCon_Control_Board_Sch Member=Component C5 Cap2
Added Member To Class: ClassName=BoostCon_Control_Board_Sch Member=Component C6 Cap2
Added Member To Class: ClassName=BoostCon_Control_Board_Sch Member=Component C8 Cap2
Added Member To Class: ClassName=BoostCon_Control_Board_Sch Member=Component C9 Cap2
Added Member To Class: ClassName=BoostCon_Control_Board_Sch Member=Component C10 Cap2
Added Member To Class: ClassName=BoostCon_Control_Board_Sch Member=Component C11 Cap2
Added Member To Class: ClassName=BoostCon_Control_Board_Sch Member=Component C12 Cap2
Added Member To Class: ClassName=BoostCon_Control_Board_Sch Member=Component C13 Cap2
Added Member To Class: ClassName=BoostCon_Control_Board_Sch Member=Component C15 Cap2
Added Member To Class: ClassName=BoostCon_Control_Board_Sch Member=Component Con CON4
