Added Component: Designator=B1(78MXX2)
Add component (AddParameter): Name = "Arrow Part Number"; Value = ""; VariantName = "[No Variations]"
Add component (AddParameter): Name = "Arrow Price/Stock"; Value = ""; VariantName = "[No Variations]"
Add component (AddParameter): Name = "Datasheet Link"; Value = "https://datasheet.lcsc.com/szlcsc/Advanced-Monolithic-Systems-AMS-AMS1117-ADJ_C6188.pdf"; VariantName = "[No Variations]"
Add component (AddParameter): Name = "Geometry.Height"; Value = "1.8mm"; VariantName = "[No Variations]"
Add component (AddParameter): Name = "Manufacturer_Name"; Value = "Advanced Monolithic Systems"; VariantName = "[No Variations]"
Add component (AddParameter): Name = "Manufacturer_Part_Number"; Value = "AMS1117"; VariantName = "[No Variations]"
Add component (AddParameter): Name = "Mouser Part Number"; Value = ""; VariantName = "[No Variations]"
Add component (AddParameter): Name = "Mouser Price/Stock"; Value = ""; VariantName = "[No Variations]"
Added Component: Designator=B2(78MXX2)
Add component (AddParameter): Name = "Arrow Part Number"; Value = ""; VariantName = "[No Variations]"
Add component (AddParameter): Name = "Arrow Price/Stock"; Value = ""; VariantName = "[No Variations]"
Add component (AddParameter): Name = "Datasheet Link"; Value = "https://datasheet.lcsc.com/szlcsc/Advanced-Monolithic-Systems-AMS-AMS1117-ADJ_C6188.pdf"; VariantName = "[No Variations]"
Add component (AddParameter): Name = "Geometry.Height"; Value = "1.8mm"; VariantName = "[No Variations]"
Add component (AddParameter): Name = "Manufacturer_Name"; Value = "Advanced Monolithic Systems"; VariantName = "[No Variations]"
Add component (AddParameter): Name = "Manufacturer_Part_Number"; Value = "AMS1117"; VariantName = "[No Variations]"
Add component (AddParameter): Name = "Mouser Part Number"; Value = ""; VariantName = "[No Variations]"
Add component (AddParameter): Name = "Mouser Price/Stock"; Value = ""; VariantName = "[No Variations]"
Added Component: Designator=C2(CAP-1.5)
Add component (AddParameter): Name = "Value"; Value = "100uf"; VariantName = "[No Variations]"
Added Component: Designator=C4(CAP-1.5)
Add component (AddParameter): Name = "Value"; Value = "100uf"; VariantName = "[No Variations]"
Added Component: Designator=C14(CAP-1.5)
Add component (AddParameter): Name = "Value"; Value = "100uf"; VariantName = "[No Variations]"
Added Component: Designator=C?(CAPR5-4X5)
Add component (AddParameter): Name = "PackageDescription"; Value = "Capacitor; 2 Leads"; VariantName = "[No Variations]"
Add component (AddParameter): Name = "PackageReference"; Value = "CAPR5-4X5"; VariantName = "[No Variations]"
Add component (AddParameter): Name = "Published"; Value = "23-Sep-2002"; VariantName = "[No Variations]"
Add component (AddParameter): Name = "Publisher"; Value = "Altium Limited"; VariantName = "[No Variations]"
Add component (AddParameter): Name = "Value"; Value = "100nF"; VariantName = "[No Variations]"
Added Component: Designator=C?(CAPR5-4X5)
Add component (AddParameter): Name = "PackageDescription"; Value = "Capacitor; 2 Leads"; VariantName = "[No Variations]"
Add component (AddParameter): Name = "PackageReference"; Value = "CAPR5-4X5"; VariantName = "[No Variations]"
Add component (AddParameter): Name = "Published"; Value = "23-Sep-2002"; VariantName = "[No Variations]"
Add component (AddParameter): Name = "Publisher"; Value = "Altium Limited"; VariantName = "[No Variations]"
Add component (AddParameter): Name = "Value"; Value = "100nF"; VariantName = "[No Variations]"
Added Component: Designator=C?(CAPR5-4X5)
Add component (AddParameter): Name = "PackageDescription"; Value = "Capacitor; 2 Leads"; VariantName = "[No Variations]"
Add component (AddParameter): Name = "PackageReference"; Value = "CAPR5-4X5"; VariantName = "[No Variations]"
Add component (AddParameter): Name = "Published"; Value = "23-Sep-2002"; VariantName = "[No Variations]"
Add component (AddParameter): Name = "Publisher"; Value = "Altium Limited"; VariantName = "[No Variations]"
Add component (AddParameter): Name = "Value"; Value = "100nF"; VariantName = "[No Variations]"
Added Component: Designator=C?(CAPR5-4X5)
Add component (AddParameter): Name = "PackageDescription"; Value = "Capacitor; 2 Leads"; VariantName = "[No Variations]"
Add component (AddParameter): Name = "PackageReference"; Value = "CAPR5-4X5"; VariantName = "[No Variations]"
Add component (AddParameter): Name = "Published"; Value = "23-Sep-2002"; VariantName = "[No Variations]"
Add component (AddParameter): Name = "Publisher"; Value = "Altium Limited"; VariantName = "[No Variations]"
Add component (AddParameter): Name = "Value"; Value = "100nF"; VariantName = "[No Variations]"
Added Component: Designator=C?(CAPR5-4X5)
Add component (AddParameter): Name = "PackageDescription"; Value = "Capacitor; 2 Leads"; VariantName = "[No Variations]"
Add component (AddParameter): Name = "PackageReference"; Value = "CAPR5-4X5"; VariantName = "[No Variations]"
Add component (AddParameter): Name = "Published"; Value = "23-Sep-2002"; VariantName = "[No Variations]"
Add component (AddParameter): Name = "Publisher"; Value = "Altium Limited"; VariantName = "[No Variations]"
Add component (AddParameter): Name = "Value"; Value = "100nF"; VariantName = "[No Variations]"
Added Component: Designator=C?(CAPR5-4X5)
Add component (AddParameter): Name = "PackageDescription"; Value = "Capacitor; 2 Leads"; VariantName = "[No Variations]"
Add component (AddParameter): Name = "PackageReference"; Value = "CAPR5-4X5"; VariantName = "[No Variations]"
Add component (AddParameter): Name = "Published"; Value = "23-Sep-2002"; VariantName = "[No Variations]"
Add component (AddParameter): Name = "Publisher"; Value = "Altium Limited"; VariantName = "[No Variations]"
Add component (AddParameter): Name = "Value"; Value = "100nF"; VariantName = "[No Variations]"
Added Component: Designator=C?(CAPR5-4X5)
Add component (AddParameter): Name = "PackageDescription"; Value = "Capacitor; 2 Leads"; VariantName = "[No Variations]"
Add component (AddParameter): Name = "PackageReference"; Value = "CAPR5-4X5"; VariantName = "[No Variations]"
Add component (AddParameter): Name = "Published"; Value = "23-Sep-2002"; VariantName = "[No Variations]"
Add component (AddParameter): Name = "Publisher"; Value = "Altium Limited"; VariantName = "[No Variations]"
Add component (AddParameter): Name = "Value"; Value = "100nF"; VariantName = "[No Variations]"
Added Component: Designator=C?(CAPR5-4X5)
Add component (AddParameter): Name = "PackageDescription"; Value = "Capacitor; 2 Leads"; VariantName = "[No Variations]"
Add component (AddParameter): Name = "PackageReference"; Value = "CAPR5-4X5"; VariantName = "[No Variations]"
Add component (AddParameter): Name = "Published"; Value = "23-Sep-2002"; VariantName = "[No Variations]"
Add component (AddParameter): Name = "Publisher"; Value = "Altium Limited"; VariantName = "[No Variations]"
Add component (AddParameter): Name = "Value"; Value = "100nF"; VariantName = "[No Variations]"
Added Component: Designator=C?(CAPR5-4X5)
Add component (AddParameter): Name = "PackageDescription"; Value = "Capacitor; 2 Leads"; VariantName = "[No Variations]"
Add component (AddParameter): Name = "PackageReference"; Value = "CAPR5-4X5"; VariantName = "[No Variations]"
Add component (AddParameter): Name = "Published"; Value = "23-Sep-2002"; VariantName = "[No Variations]"
Add component (AddParameter): Name = "Publisher"; Value = "Altium Limited"; VariantName = "[No Variations]"
Add component (AddParameter): Name = "Value"; Value = "100nF"; VariantName = "[No Variations]"
Added Component: Designator=C?(CAPR5-4X5)
Add component (AddParameter): Name = "PackageDescription"; Value = "Capacitor; 2 Leads"; VariantName = "[No Variations]"
Add component (AddParameter): Name = "PackageReference"; Value = "CAPR5-4X5"; VariantName = "[No Variations]"
Add component (AddParameter): Name = "Published"; Value = "23-Sep-2002"; VariantName = "[No Variations]"
Add component (AddParameter): Name = "Publisher"; Value = "Altium Limited"; VariantName = "[No Variations]"
Add component (AddParameter): Name = "Value"; Value = "100nF"; VariantName = "[No Variations]"
Added Component: Designator=C?(CAPR5-4X5)
Add component (AddParameter): Name = "PackageDescription"; Value = "Capacitor; 2 Leads"; VariantName = "[No Variations]"
Add component (AddParameter): Name = "PackageReference"; Value = "CAPR5-4X5"; VariantName = "[No Variations]"
Add component (AddParameter): Name = "Published"; Value = "23-Sep-2002"; VariantName = "[No Variations]"
Add component (AddParameter): Name = "Publisher"; Value = "Altium Limited"; VariantName = "[No Variations]"
Add component (AddParameter): Name = "Value"; Value = "100nF"; VariantName = "[No Variations]"
Added Component: Designator=C?(CAPR5-4X5)
Add component (AddParameter): Name = "PackageDescription"; Value = "Capacitor; 2 Leads"; VariantName = "[No Variations]"
Add component (AddParameter): Name = "PackageReference"; Value = "CAPR5-4X5"; VariantName = "[No Variations]"
Add component (AddParameter): Name = "Published"; Value = "23-Sep-2002"; VariantName = "[No Variations]"
Add component (AddParameter): Name = "Publisher"; Value = "Altium Limited"; VariantName = "[No Variations]"
Add component (AddParameter): Name = "Value"; Value = "100nF"; VariantName = "[No Variations]"
Added Component: Designator=Con1(SIP4)
Add component (AddParameter): Name = "DPM/VM/AM"; Value = "DPM, VM, AM"; VariantName = "[No Variations]"
Add component (AddParameter): Name = "Note"; Value = ""; VariantName = "[No Variations]"
Add component (AddParameter): Name = "SMD/TH"; Value = "TH"; VariantName = "[No Variations]"
Added Component: Designator=Con2(SIP4)
Add component (AddParameter): Name = "DPM/VM/AM"; Value = "DPM, VM, AM"; VariantName = "[No Variations]"
Add component (AddParameter): Name = "Note"; Value = ""; VariantName = "[No Variations]"
Add component (AddParameter): Name = "SMD/TH"; Value = "TH"; VariantName = "[No Variations]"
Added Component: Designator=Con3(SIP4)
Add component (AddParameter): Name = "DPM/VM/AM"; Value = "DPM, VM, AM"; VariantName = "[No Variations]"
Add component (AddParameter): Name = "Note"; Value = ""; VariantName = "[No Variations]"
Add component (AddParameter): Name = "SMD/TH"; Value = "TH"; VariantName = "[No Variations]"
Added Component: Designator=Con4(SIP4)
Add component (AddParameter): Name = "DPM/VM/AM"; Value = "DPM, VM, AM"; VariantName = "[No Variations]"
Add component (AddParameter): Name = "Note"; Value = ""; VariantName = "[No Variations]"
Add component (AddParameter): Name = "SMD/TH"; Value = "TH"; VariantName = "[No Variations]"
Added Component: Designator=Con5(TB4)
Add component (AddParameter): Name = "DPM/VM/AM"; Value = "DPM, VM, AM"; VariantName = "[No Variations]"
Add component (AddParameter): Name = "Note"; Value = ""; VariantName = "[No Variations]"
Add component (AddParameter): Name = "SMD/TH"; Value = "TH"; VariantName = "[No Variations]"
Added Component: Designator=Con(SIP4)
Add component (AddParameter): Name = "DPM/VM/AM"; Value = "DPM, VM, AM"; VariantName = "[No Variations]"
Add component (AddParameter): Name = "Note"; Value = ""; VariantName = "[No Variations]"
Add component (AddParameter): Name = "SMD/TH"; Value = "TH"; VariantName = "[No Variations]"
Added Component: Designator=Con(TB4)
Add component (AddParameter): Name = "DPM/VM/AM"; Value = "DPM, VM, AM"; VariantName = "[No Variations]"
Add component (AddParameter): Name = "Note"; Value = ""; VariantName = "[No Variations]"
Add component (AddParameter): Name = "SMD/TH"; Value = "TH"; VariantName = "[No Variations]"
Added Component: Designator=D1(DO-201AD)
Add component (AddParameter): Name = "note"; Value = ""; VariantName = "[No Variations]"
Add component (AddParameter): Name = "PackageDescription"; Value = ""; VariantName = "[No Variations]"
Add component (AddParameter): Name = "SMD/TH"; Value = "SMD"; VariantName = "[No Variations]"
Added Component: Designator=D2(LED3)
Add component (AddParameter): Name = "DPM/VM/AM"; Value = "DPM, VM, AM"; VariantName = "[No Variations]"
Add component (AddParameter): Name = "SMD/TH"; Value = "SMD"; VariantName = "[No Variations]"
Added Component: Designator=D?(LED3)
Add component (AddParameter): Name = "DPM/VM/AM"; Value = "DPM, VM, AM"; VariantName = "[No Variations]"
Add component (AddParameter): Name = "SMD/TH"; Value = "SMD"; VariantName = "[No Variations]"
Added Component: Designator=J1(691134710002)
Add component (AddParameter): Name = "Application"; Value = "Pressure Clamp"; VariantName = "[No Variations]"
Add component (AddParameter): Name = "Category"; Value = "Terminal Blocks"; VariantName = "[No Variations]"
Add component (AddParameter): Name = "ComponentLink1Description"; Value = "Website Link"; VariantName = "[No Variations]"
Add component (AddParameter): Name = "ComponentLink1URL"; Value = "https://www.we-online.com/redexpert/article/691111710002?ad"; VariantName = "[No Variations]"
Add component (AddParameter): Name = "ComponentLink2Description"; Value = "Datasheet Link"; VariantName = "[No Variations]"
Add component (AddParameter): Name = "ComponentLink2URL"; Value = "https://www.we-online.com/redexpert/spec/691111710002?ad"; VariantName = "[No Variations]"
Add component (AddParameter): Name = "Manufacturer"; Value = "Wurth Elektronik"; VariantName = "[No Variations]"
Add component (AddParameter): Name = "Manufacturer Part Number"; Value = "691111710002"; VariantName = "[No Variations]"
Add component (AddParameter): Name = "Match Code"; Value = "WR-TBL"; VariantName = "[No Variations]"
Add component (AddParameter): Name = "Modularity"; Value = "Yes"; VariantName = "[No Variations]"
Add component (AddParameter): Name = "Mount"; Value = "Through Hole"; VariantName = "[No Variations]"
Add component (AddParameter): Name = "Number of Pins"; Value = "2"; VariantName = "[No Variations]"
Add component (AddParameter): Name = "Number of Rows"; Value = "1"; VariantName = "[No Variations]"
Add component (AddParameter): Name = "Operating Temperature Max"; Value = "105°C"; VariantName = "[No Variations]"
Add component (AddParameter): Name = "Operating Temperature Min"; Value = "-40°C"; VariantName = "[No Variations]"
Add component (AddParameter): Name = "Orientation"; Value = "Horizontal"; VariantName = "[No Variations]"
Add component (AddParameter): Name = "Packaging"; Value = "Box"; VariantName = "[No Variations]"
Add component (AddParameter): Name = "Pitch"; Value = "5mm"; VariantName = "[No Variations]"
Add component (AddParameter): Name = "Rated Current"; Value = "15A"; VariantName = "[No Variations]"
Add component (AddParameter): Name = "Working Voltage"; Value = "250V"; VariantName = "[No Variations]"
Added Component: Designator=J2(691134710002)
Add component (AddParameter): Name = "Application"; Value = "Pressure Clamp"; VariantName = "[No Variations]"
Add component (AddParameter): Name = "Category"; Value = "Terminal Blocks"; VariantName = "[No Variations]"
Add component (AddParameter): Name = "ComponentLink1Description"; Value = "Website Link"; VariantName = "[No Variations]"
Add component (AddParameter): Name = "ComponentLink1URL"; Value = "https://www.we-online.com/redexpert/article/691111710002?ad"; VariantName = "[No Variations]"
Add component (AddParameter): Name = "ComponentLink2Description"; Value = "Datasheet Link"; VariantName = "[No Variations]"
Add component (AddParameter): Name = "ComponentLink2URL"; Value = "https://www.we-online.com/redexpert/spec/691111710002?ad"; VariantName = "[No Variations]"
Add component (AddParameter): Name = "Manufacturer"; Value = "Wurth Elektronik"; VariantName = "[No Variations]"
Add component (AddParameter): Name = "Manufacturer Part Number"; Value = "691111710002"; VariantName = "[No Variations]"
Add component (AddParameter): Name = "Match Code"; Value = "WR-TBL"; VariantName = "[No Variations]"
Add component (AddParameter): Name = "Modularity"; Value = "Yes"; VariantName = "[No Variations]"
Add component (AddParameter): Name = "Mount"; Value = "Through Hole"; VariantName = "[No Variations]"
Add component (AddParameter): Name = "Number of Pins"; Value = "2"; VariantName = "[No Variations]"
Add component (AddParameter): Name = "Number of Rows"; Value = "1"; VariantName = "[No Variations]"
Add component (AddParameter): Name = "Operating Temperature Max"; Value = "105°C"; VariantName = "[No Variations]"
Add component (AddParameter): Name = "Operating Temperature Min"; Value = "-40°C"; VariantName = "[No Variations]"
Add component (AddParameter): Name = "Orientation"; Value = "Horizontal"; VariantName = "[No Variations]"
Add component (AddParameter): Name = "Packaging"; Value = "Box"; VariantName = "[No Variations]"
Add component (AddParameter): Name = "Pitch"; Value = "5mm"; VariantName = "[No Variations]"
Add component (AddParameter): Name = "Rated Current"; Value = "15A"; VariantName = "[No Variations]"
Add component (AddParameter): Name = "Working Voltage"; Value = "250V"; VariantName = "[No Variations]"
Added Component: Designator=J3(SIP3)
Add component (AddParameter): Name = "note"; Value = "SC"; VariantName = "[No Variations]"
Add component (AddParameter): Name = "PackageDescription"; Value = ""; VariantName = "[No Variations]"
Add component (AddParameter): Name = "SMD/TH"; Value = "TH"; VariantName = "[No Variations]"
Added Component: Designator=J4(SIP3)
Add component (AddParameter): Name = "note"; Value = "SC"; VariantName = "[No Variations]"
Add component (AddParameter): Name = "PackageDescription"; Value = ""; VariantName = "[No Variations]"
Add component (AddParameter): Name = "SMD/TH"; Value = "TH"; VariantName = "[No Variations]"
Added Component: Designator=P1(HDR1X6)
Add component (AddParameter): Name = "LatestRevisionDate"; Value = "17-Jul-2002"; VariantName = "[No Variations]"
Add component (AddParameter): Name = "LatestRevisionNote"; Value = "Re-released for DXP Platform."; VariantName = "[No Variations]"
Add component (AddParameter): Name = "Publisher"; Value = "Altium Limited"; VariantName = "[No Variations]"
Added Component: Designator=P2(HDR1X6)
Add component (AddParameter): Name = "LatestRevisionDate"; Value = "17-Jul-2002"; VariantName = "[No Variations]"
Add component (AddParameter): Name = "LatestRevisionNote"; Value = "Re-released for DXP Platform."; VariantName = "[No Variations]"
Add component (AddParameter): Name = "Publisher"; Value = "Altium Limited"; VariantName = "[No Variations]"
Added Component: Designator=Power1(SIP2)
Add component (AddParameter): Name = "note"; Value = ""; VariantName = "[No Variations]"
Add component (AddParameter): Name = "PackageDescription"; Value = ""; VariantName = "[No Variations]"
Add component (AddParameter): Name = "SMD/TH"; Value = "TH"; VariantName = "[No Variations]"
Added Component: Designator=Power2(SIP2)
Add component (AddParameter): Name = "note"; Value = ""; VariantName = "[No Variations]"
Add component (AddParameter): Name = "PackageDescription"; Value = ""; VariantName = "[No Variations]"
Add component (AddParameter): Name = "SMD/TH"; Value = "TH"; VariantName = "[No Variations]"
Added Component: Designator=Q1(TO-92-TO92-127P520H787-3)
Add component (AddParameter): Name = "Availability"; Value = "Unavailable"; VariantName = "[No Variations]"
Add component (AddParameter): Name = "MF"; Value = "ON"; VariantName = "[No Variations]"
Add component (AddParameter): Name = "MP"; Value = "BC517"; VariantName = "[No Variations]"
Add component (AddParameter): Name = "Package"; Value = "TO-92 NXP Semiconductors"; VariantName = "[No Variations]"
Add component (AddParameter): Name = "Price"; Value = "None"; VariantName = "[No Variations]"
Add component (AddParameter): Name = "SnapEDA_Link"; Value = "https://www.snapeda.com/parts/BC517/ON%20Semiconductor/view-part/703680/?ref=snap"; VariantName = "[No Variations]"
Add component (AddParameter): Name = "Value"; Value = ""; VariantName = "[No Variations]"
Added Component: Designator=Q2(TO-92-TO92-127P520H787-3)
Add component (AddParameter): Name = "Availability"; Value = "Unavailable"; VariantName = "[No Variations]"
Add component (AddParameter): Name = "MF"; Value = "ON"; VariantName = "[No Variations]"
Add component (AddParameter): Name = "MP"; Value = "BC517"; VariantName = "[No Variations]"
Add component (AddParameter): Name = "Package"; Value = "TO-92 NXP Semiconductors"; VariantName = "[No Variations]"
Add component (AddParameter): Name = "Price"; Value = "None"; VariantName = "[No Variations]"
Add component (AddParameter): Name = "SnapEDA_Link"; Value = "https://www.snapeda.com/parts/BC517/ON%20Semiconductor/view-part/703680/?ref=snap"; VariantName = "[No Variations]"
Add component (AddParameter): Name = "Value"; Value = ""; VariantName = "[No Variations]"
Added Component: Designator=Q3(TO92-)
Add component (AddParameter): Name = "Check_prices"; Value = "https://www.snapeda.com/parts/2N7000/STMicroelectronics/view-part/?ref=eda"; VariantName = "[No Variations]"
Add component (AddParameter): Name = "MF"; Value = "STMicroelectronics"; VariantName = "[No Variations]"
Add component (AddParameter): Name = "MP"; Value = "2N7000"; VariantName = "[No Variations]"
Add component (AddParameter): Name = "Package"; Value = "E-PKG AXIAL-LEADED-2 ON Semiconductor"; VariantName = "[No Variations]"
Add component (AddParameter): Name = "SnapEDA_Link"; Value = "https://www.snapeda.com/parts/2N7000/STMicroelectronics/view-part/?ref=snap"; VariantName = "[No Variations]"
Add component (AddParameter): Name = "Value"; Value = ""; VariantName = "[No Variations]"
Added Component: Designator=Q4(TO92-)
Add component (AddParameter): Name = "Check_prices"; Value = "https://www.snapeda.com/parts/2N7000/STMicroelectronics/view-part/?ref=eda"; VariantName = "[No Variations]"
Add component (AddParameter): Name = "MF"; Value = "STMicroelectronics"; VariantName = "[No Variations]"
Add component (AddParameter): Name = "MP"; Value = "2N7000"; VariantName = "[No Variations]"
Add component (AddParameter): Name = "Package"; Value = "E-PKG AXIAL-LEADED-2 ON Semiconductor"; VariantName = "[No Variations]"
Add component (AddParameter): Name = "SnapEDA_Link"; Value = "https://www.snapeda.com/parts/2N7000/STMicroelectronics/view-part/?ref=snap"; VariantName = "[No Variations]"
Add component (AddParameter): Name = "Value"; Value = ""; VariantName = "[No Variations]"
Added Component: Designator=Q5(TO92-)
Add component (AddParameter): Name = "Check_prices"; Value = "https://www.snapeda.com/parts/2N7000/STMicroelectronics/view-part/?ref=eda"; VariantName = "[No Variations]"
Add component (AddParameter): Name = "MF"; Value = "STMicroelectronics"; VariantName = "[No Variations]"
Add component (AddParameter): Name = "MP"; Value = "2N7000"; VariantName = "[No Variations]"
Add component (AddParameter): Name = "Package"; Value = "E-PKG AXIAL-LEADED-2 ON Semiconductor"; VariantName = "[No Variations]"
Add component (AddParameter): Name = "SnapEDA_Link"; Value = "https://www.snapeda.com/parts/2N7000/STMicroelectronics/view-part/?ref=snap"; VariantName = "[No Variations]"
Add component (AddParameter): Name = "Value"; Value = ""; VariantName = "[No Variations]"
Added Component: Designator=Q6(TO92-)
Add component (AddParameter): Name = "Check_prices"; Value = "https://www.snapeda.com/parts/2N7000/STMicroelectronics/view-part/?ref=eda"; VariantName = "[No Variations]"
Add component (AddParameter): Name = "MF"; Value = "STMicroelectronics"; VariantName = "[No Variations]"
Add component (AddParameter): Name = "MP"; Value = "2N7000"; VariantName = "[No Variations]"
Add component (AddParameter): Name = "Package"; Value = "E-PKG AXIAL-LEADED-2 ON Semiconductor"; VariantName = "[No Variations]"
Add component (AddParameter): Name = "SnapEDA_Link"; Value = "https://www.snapeda.com/parts/2N7000/STMicroelectronics/view-part/?ref=snap"; VariantName = "[No Variations]"
Add component (AddParameter): Name = "Value"; Value = ""; VariantName = "[No Variations]"
Added Component: Designator=R1(R3)
Added Component: Designator=R2(R3)
Added Component: Designator=R3(R3)
Added Component: Designator=R6(R3_v)
Added Component: Designator=R7(R3)
Added Component: Designator=R8(R3)
Added Component: Designator=R9(R3)
Added Component: Designator=R10(R3)
Added Component: Designator=R11(R3)
Added Component: Designator=R12(R3)
Added Component: Designator=R13(R3)
Added Component: Designator=R14(R3)
Added Component: Designator=R15(R3)
Added Component: Designator=R16(R3)
Added Component: Designator=R17(R3)
Added Component: Designator=R18(R3)
Added Component: Designator=R19(R3)
Added Component: Designator=R20(R3)
Added Component: Designator=R21(R3)
Added Component: Designator=U1(DIP14)
Add component (AddParameter): Name = "note"; Value = "SC"; VariantName = "[No Variations]"
Add component (AddParameter): Name = "PackageDescription"; Value = ""; VariantName = "[No Variations]"
Add component (AddParameter): Name = "SMD/TH"; Value = "SMD"; VariantName = "[No Variations]"
Added Component: Designator=U(LQFP64_M - CONVERTER)
Add component (AddParameter): Name = "Availability"; Value = "Unavailable"; VariantName = "[No Variations]"
Add component (AddParameter): Name = "MF"; Value = "STMicroelectronics"; VariantName = "[No Variations]"
Add component (AddParameter): Name = "MP"; Value = "STM32F030R8T6"; VariantName = "[No Variations]"
Add component (AddParameter): Name = "Package"; Value = "LQFP-64 STMicroelectronics"; VariantName = "[No Variations]"
Add component (AddParameter): Name = "Price"; Value = "None"; VariantName = "[No Variations]"
Add component (AddParameter): Name = "SnapEDA_Link"; Value = "https://www.snapeda.com/parts/STM32F030R8T6/STMicroelectronics/view-part/312109/?ref=snap"; VariantName = "[No Variations]"
Add component (AddParameter): Name = "Value"; Value = ""; VariantName = "[No Variations]"
Added Pin To Net: NetName=+3.3 Pin=B1-2
Added Pin To Net: NetName=+3.3 Pin=C4-1
Added Pin To Net: NetName=+3.3 Pin=C?-1
Added Pin To Net: NetName=+3.3 Pin=C?-1
Added Pin To Net: NetName=+3.3 Pin=Con-1
Added Pin To Net: NetName=+3.3 Pin=Con1-4
Added Pin To Net: NetName=+3.3 Pin=Con2-1
Added Pin To Net: NetName=+3.3 Pin=Con3-4
Added Pin To Net: NetName=+3.3 Pin=Con4-1
Added Pin To Net: NetName=+3.3 Pin=P1-1
Added Pin To Net: NetName=+3.3 Pin=R1-1
Added Pin To Net: NetName=+3.3 Pin=R9-2
Added Pin To Net: NetName=+3.3 Pin=R16-2
Added Pin To Net: NetName=+3.3 Pin=R17-2
Added Pin To Net: NetName=+3.3 Pin=U-1
Added Pin To Net: NetName=+3.3 Pin=U-32
Added Pin To Net: NetName=+3.3 Pin=U-64
Added Pin To Net: NetName=+3.3 Pin=U1-4
Added Net: Name=+3.3
Added Pin To Net: NetName=+5 Pin=B1-3
Added Pin To Net: NetName=+5 Pin=B2-2
Added Pin To Net: NetName=+5 Pin=C14-1
Added Pin To Net: NetName=+5 Pin=C?-1
Added Pin To Net: NetName=+5 Pin=P2-2
Added Net: Name=+5
Added Pin To Net: NetName=+12 Pin=B2-3
Added Pin To Net: NetName=+12 Pin=C2-1
Added Pin To Net: NetName=+12 Pin=C?-1
Added Pin To Net: NetName=+12 Pin=Con-1
Added Pin To Net: NetName=+12 Pin=Con5-1
Added Pin To Net: NetName=+12 Pin=D1-K
Added Pin To Net: NetName=+12 Pin=J2-2
Added Pin To Net: NetName=+12 Pin=R7-1
Added Pin To Net: NetName=+12 Pin=R10-2
Added Pin To Net: NetName=+12 Pin=R18-2
Added Pin To Net: NetName=+12 Pin=R19-2
Added Net: Name=+12
Added Pin To Net: NetName=Boot0 Pin=R2-1
Added Pin To Net: NetName=Boot0 Pin=U-60
Added Net: Name=Boot0
Added Pin To Net: NetName=C_S_in Pin=Con1-2
Added Pin To Net: NetName=C_S_in Pin=U-26
Added Net: Name=C_S_in
Added Pin To Net: NetName=C_S_out Pin=Con3-2
Added Pin To Net: NetName=C_S_out Pin=U-8
Added Net: Name=C_S_out
Added Pin To Net: NetName=FLASH Pin=R3-1
Added Pin To Net: NetName=FLASH Pin=U-11
Added Net: Name=FLASH
Added Pin To Net: NetName=GND Pin=B1-1
Added Pin To Net: NetName=GND Pin=B2-1
Added Pin To Net: NetName=GND Pin=C2-2
Added Pin To Net: NetName=GND Pin=C4-2
Added Pin To Net: NetName=GND Pin=C14-2
Added Pin To Net: NetName=GND Pin=C?-2
Added Pin To Net: NetName=GND Pin=C?-2
Added Pin To Net: NetName=GND Pin=C?-2
Added Pin To Net: NetName=GND Pin=C?-2
Added Pin To Net: NetName=GND Pin=C?-2
Added Pin To Net: NetName=GND Pin=C?-2
Added Pin To Net: NetName=GND Pin=C?-2
Added Pin To Net: NetName=GND Pin=C?-2
Added Pin To Net: NetName=GND Pin=C?-2
Added Pin To Net: NetName=GND Pin=C?-2
Added Pin To Net: NetName=GND Pin=C?-2
Added Pin To Net: NetName=GND Pin=Con-2
Added Pin To Net: NetName=GND Pin=Con-4
Added Pin To Net: NetName=GND Pin=Con-4
Added Pin To Net: NetName=GND Pin=Con1-3
Added Pin To Net: NetName=GND Pin=Con2-2
Added Pin To Net: NetName=GND Pin=Con3-3
Added Pin To Net: NetName=GND Pin=Con4-2
Added Pin To Net: NetName=GND Pin=Con5-4
Added Pin To Net: NetName=GND Pin=D2-K
Added Pin To Net: NetName=GND Pin=D?-K
Added Pin To Net: NetName=GND Pin=J1-1
Added Pin To Net: NetName=GND Pin=P1-3
Added Pin To Net: NetName=GND Pin=P2-3
Added Pin To Net: NetName=GND Pin=Power1-2
Added Pin To Net: NetName=GND Pin=Power2-2
Added Pin To Net: NetName=GND Pin=Q1-3
Added Pin To Net: NetName=GND Pin=Q2-3
Added Pin To Net: NetName=GND Pin=Q3-3
Added Pin To Net: NetName=GND Pin=Q4-3
Added Pin To Net: NetName=GND Pin=Q5-3
Added Pin To Net: NetName=GND Pin=Q6-3
Added Pin To Net: NetName=GND Pin=R2-2
Added Pin To Net: NetName=GND Pin=R13-1
Added Pin To Net: NetName=GND Pin=R14-1
Added Pin To Net: NetName=GND Pin=R15-2
Added Pin To Net: NetName=GND Pin=R21-1
Added Pin To Net: NetName=GND Pin=U-12
Added Pin To Net: NetName=GND Pin=U-31
Added Pin To Net: NetName=GND Pin=U-63
Added Pin To Net: NetName=GND Pin=U1-11
Added Net: Name=GND
Added Pin To Net: NetName=NetC?_1 Pin=C?-1
Added Pin To Net: NetName=NetC?_1 Pin=C?-1
Added Pin To Net: NetName=NetC?_1 Pin=C?-1
Added Pin To Net: NetName=NetC?_1 Pin=C?-1
Added Pin To Net: NetName=NetC?_1 Pin=C?-1
Added Pin To Net: NetName=NetC?_1 Pin=C?-1
Added Pin To Net: NetName=NetC?_1 Pin=C?-1
Added Net: Name=NetC?_1
Added Pin To Net: NetName=NetD1_A Pin=D1-A
Added Pin To Net: NetName=NetD1_A Pin=J1-2
Added Net: Name=NetD1_A
Added Pin To Net: NetName=NetD2_A Pin=D2-A
Added Pin To Net: NetName=NetD2_A Pin=R1-2
Added Net: Name=NetD2_A
Added Pin To Net: NetName=NetD?_A Pin=D?-A
Added Pin To Net: NetName=NetD?_A Pin=R3-2
Added Net: Name=NetD?_A
Added Pin To Net: NetName=NetQ1_2 Pin=Q1-2
Added Pin To Net: NetName=NetQ1_2 Pin=R6-2
Added Net: Name=NetQ1_2
Added Pin To Net: NetName=NetQ2_2 Pin=Q2-2
Added Pin To Net: NetName=NetQ2_2 Pin=R12-2
Added Net: Name=NetQ2_2
Added Pin To Net: NetName=NetQ3_2 Pin=Q3-2
Added Pin To Net: NetName=NetQ3_2 Pin=Q4-1
Added Pin To Net: NetName=NetQ3_2 Pin=R17-1
Added Net: Name=NetQ3_2
Added Pin To Net: NetName=NetQ4_2 Pin=Q4-2
Added Pin To Net: NetName=NetQ4_2 Pin=U1-6
Added Pin To Net: NetName=NetQ4_2 Pin=U1-7
Added Net: Name=NetQ4_2
Added Pin To Net: NetName=NetQ5_2 Pin=Q5-2
Added Pin To Net: NetName=NetQ5_2 Pin=Q6-1
Added Pin To Net: NetName=NetQ5_2 Pin=R19-1
Added Net: Name=NetQ5_2
Added Pin To Net: NetName=NetR8_1 Pin=R8-1
Added Pin To Net: NetName=NetR8_1 Pin=R13-2
Added Pin To Net: NetName=NetR8_1 Pin=U1-3
Added Net: Name=NetR8_1
Added Pin To Net: NetName=NetR9_1 Pin=R9-1
Added Pin To Net: NetName=NetR9_1 Pin=R14-2
Added Pin To Net: NetName=NetR9_1 Pin=U1-2
Added Net: Name=NetR9_1
Added Pin To Net: NetName=NetR11_1 Pin=R11-1
Added Pin To Net: NetName=NetR11_1 Pin=U1-1
Added Net: Name=NetR11_1
Added Pin To Net: NetName=NetR20_2 Pin=R20-2
Added Pin To Net: NetName=NetR20_2 Pin=R21-2
Added Pin To Net: NetName=NetR20_2 Pin=U1-5
Added Net: Name=NetR20_2
Added Pin To Net: NetName=NRST Pin=C?-1
Added Pin To Net: NetName=NRST Pin=P1-5
Added Pin To Net: NetName=NRST Pin=U-7
Added Net: Name=NRST
Added Pin To Net: NetName=PreChgRelay_signal Pin=J2-1
Added Pin To Net: NetName=PreChgRelay_signal Pin=Q1-1
Added Net: Name=PreChgRelay_signal
Added Pin To Net: NetName=PreChgRelay Pin=R6-1
Added Pin To Net: NetName=PreChgRelay Pin=U-10
Added Net: Name=PreChgRelay
Added Pin To Net: NetName=PWM_G Pin=Power2-1
Added Pin To Net: NetName=PWM_G Pin=U-41
Added Net: Name=PWM_G
Added Pin To Net: NetName=RX1 Pin=P2-4
Added Pin To Net: NetName=RX1 Pin=U-42
Added Net: Name=RX1
Added Pin To Net: NetName=RX2_HV1 Pin=J4-1
Added Pin To Net: NetName=RX2_HV1 Pin=R11-2
Added Net: Name=RX2_HV1
Added Pin To Net: NetName=RX2_HV2 Pin=J4-3
Added Pin To Net: NetName=RX2_HV2 Pin=R20-1
Added Net: Name=RX2_HV2
Added Pin To Net: NetName=RX2_LV Pin=J4-2
Added Pin To Net: NetName=RX2_LV Pin=U-17
Added Net: Name=RX2_LV
Added Pin To Net: NetName=RX_BUS2 Pin=Con5-3
Added Pin To Net: NetName=RX_BUS2 Pin=Q3-1
Added Pin To Net: NetName=RX_BUS2 Pin=R16-1
Added Net: Name=RX_BUS2
Added Pin To Net: NetName=SWCLK Pin=P1-2
Added Pin To Net: NetName=SWCLK Pin=U-49
Added Net: Name=SWCLK
Added Pin To Net: NetName=SWDIO Pin=P1-4
Added Pin To Net: NetName=SWDIO Pin=U-46
Added Net: Name=SWDIO
Added Pin To Net: NetName=SWO Pin=P1-6
Added Net: Name=SWO
Added Pin To Net: NetName=TX1 Pin=P2-5
Added Pin To Net: NetName=TX1 Pin=U-43
Added Net: Name=TX1
Added Pin To Net: NetName=TX2_HV1 Pin=J3-1
Added Pin To Net: NetName=TX2_HV1 Pin=R12-1
Added Pin To Net: NetName=TX2_HV1 Pin=R15-1
Added Net: Name=TX2_HV1
Added Pin To Net: NetName=TX2_HV2 Pin=J3-3
Added Pin To Net: NetName=TX2_HV2 Pin=Q6-2
Added Net: Name=TX2_HV2
Added Pin To Net: NetName=TX2_LV Pin=J3-2
Added Pin To Net: NetName=TX2_LV Pin=U-16
Added Net: Name=TX2_LV
Added Pin To Net: NetName=TX_BUS1 Pin=Con-2
Added Pin To Net: NetName=TX_BUS1 Pin=Q2-1
Added Pin To Net: NetName=TX_BUS1 Pin=R10-1
Added Net: Name=TX_BUS1
Added Pin To Net: NetName=TX_BUS2 Pin=Con5-2
Added Pin To Net: NetName=TX_BUS2 Pin=Q5-1
Added Pin To Net: NetName=TX_BUS2 Pin=R18-1
Added Net: Name=TX_BUS2
Added Pin To Net: NetName=Vin_S_1 Pin=Con-3
Added Pin To Net: NetName=Vin_S_1 Pin=U-14
Added Net: Name=Vin_S_1
Added Pin To Net: NetName=Vin_S_2 Pin=Con2-3
Added Pin To Net: NetName=Vin_S_2 Pin=U-20
Added Net: Name=Vin_S_2
Added Pin To Net: NetName=Vout_S_1 Pin=Power1-1
Added Pin To Net: NetName=Vout_S_1 Pin=U-15
Added Net: Name=Vout_S_1
Added Pin To Net: NetName=Vout_S_2 Pin=Con4-3
Added Pin To Net: NetName=Vout_S_2 Pin=U-22
Added Net: Name=Vout_S_2
Added Pin To Net: NetName=VR_C_in Pin=Con1-1
Added Pin To Net: NetName=VR_C_in Pin=U-27
Added Net: Name=VR_C_in
Added Pin To Net: NetName=VR_C_out Pin=Con3-1
Added Pin To Net: NetName=VR_C_out Pin=U-9
Added Net: Name=VR_C_out
Added Pin To Net: NetName=VR_vi Pin=Con2-4
Added Pin To Net: NetName=VR_vi Pin=U-21
Added Net: Name=VR_vi
Added Pin To Net: NetName=VR_Vo Pin=Con4-4
Added Pin To Net: NetName=VR_Vo Pin=U-23
Added Net: Name=VR_Vo
Added Pin To Net: NetName=RX_BUS1 Pin=Con-3
Added Pin To Net: NetName=RX_BUS1 Pin=R7-2
Added Pin To Net: NetName=RX_BUS1 Pin=R8-2
Added Net: Name=RX_BUS1
Added Class: Name=BoostCon_Control_Board_Sch
Added Room: Name=BoostCon_Control_Board_Sch
